<?xml version="1.0" encoding="UTF-8"?>
<testsuite xmlns:xsi="http://www.w3.org/2001/XMLSchema-instance" xsi:noNamespaceSchemaLocation="https://maven.apache.org/surefire/maven-surefire-plugin/xsd/surefire-test-report-3.0.xsd" version="3.0" name="TestSuite" time="0.541" tests="21" errors="0" skipped="0" failures="6">
  <properties>
    <property name="java.specification.version" value="17"/>
    <property name="sun.cpu.isalist" value="amd64"/>
    <property name="sun.jnu.encoding" value="Cp1251"/>
    <property name="java.class.path" value="C:\Users\yuliya.yukhnovich\IdeaProjects\homework\target\test-classes;C:\Users\yuliya.yukhnovich\IdeaProjects\homework\target\classes;C:\Users\yuliya.yukhnovich\.m2\repository\org\testng\testng\7.5\testng-7.5.jar;C:\Users\yuliya.yukhnovich\.m2\repository\com\google\code\findbugs\jsr305\3.0.1\jsr305-3.0.1.jar;C:\Users\yuliya.yukhnovich\.m2\repository\com\beust\jcommander\1.78\jcommander-1.78.jar;C:\Users\yuliya.yukhnovich\.m2\repository\org\webjars\jquery\3.5.1\jquery-3.5.1.jar;C:\Users\yuliya.yukhnovich\.m2\repository\org\apache\maven\plugins\maven-surefire-plugin\3.0.0-M5\maven-surefire-plugin-3.0.0-M5.jar;C:\Users\yuliya.yukhnovich\.m2\repository\org\apache\maven\surefire\maven-surefire-common\3.0.0-M5\maven-surefire-common-3.0.0-M5.jar;C:\Users\yuliya.yukhnovich\.m2\repository\org\apache\maven\surefire\surefire-api\3.0.0-M5\surefire-api-3.0.0-M5.jar;C:\Users\yuliya.yukhnovich\.m2\repository\org\apache\maven\surefire\surefire-logger-api\3.0.0-M5\surefire-logger-api-3.0.0-M5.jar;C:\Users\yuliya.yukhnovich\.m2\repository\org\apache\maven\surefire\surefire-extensions-api\3.0.0-M5\surefire-extensions-api-3.0.0-M5.jar;C:\Users\yuliya.yukhnovich\.m2\repository\org\apache\maven\surefire\surefire-booter\3.0.0-M5\surefire-booter-3.0.0-M5.jar;C:\Users\yuliya.yukhnovich\.m2\repository\org\apache\maven\surefire\surefire-extensions-spi\3.0.0-M5\surefire-extensions-spi-3.0.0-M5.jar;C:\Users\yuliya.yukhnovich\.m2\repository\org\apache\maven\maven-toolchain\3.0-alpha-2\maven-toolchain-3.0-alpha-2.jar;C:\Users\yuliya.yukhnovich\.m2\repository\org\apache\maven\shared\maven-artifact-transfer\0.11.0\maven-artifact-transfer-0.11.0.jar;C:\Users\yuliya.yukhnovich\.m2\repository\org\apache\maven\shared\maven-common-artifact-filters\3.0.1\maven-common-artifact-filters-3.0.1.jar;C:\Users\yuliya.yukhnovich\.m2\repository\org\apache\maven\maven-model\3.0\maven-model-3.0.jar;C:\Users\yuliya.yukhnovich\.m2\repository\org\apache\maven\maven-plugin-api\3.0\maven-plugin-api-3.0.jar;C:\Users\yuliya.yukhnovich\.m2\repository\org\sonatype\sisu\sisu-inject-plexus\1.4.2\sisu-inject-plexus-1.4.2.jar;C:\Users\yuliya.yukhnovich\.m2\repository\org\codehaus\plexus\plexus-classworlds\2.2.3\plexus-classworlds-2.2.3.jar;C:\Users\yuliya.yukhnovich\.m2\repository\org\sonatype\sisu\sisu-inject-bean\1.4.2\sisu-inject-bean-1.4.2.jar;C:\Users\yuliya.yukhnovich\.m2\repository\org\sonatype\sisu\sisu-guice\2.1.7\sisu-guice-2.1.7-noaop.jar;C:\Users\yuliya.yukhnovich\.m2\repository\commons-codec\commons-codec\1.11\commons-codec-1.11.jar;C:\Users\yuliya.yukhnovich\.m2\repository\org\apache\maven\surefire\surefire-shared-utils\3.0.0-M4\surefire-shared-utils-3.0.0-M4.jar;C:\Users\yuliya.yukhnovich\.m2\repository\org\slf4j\slf4j-api\1.7.33\slf4j-api-1.7.33.jar;C:\Users\yuliya.yukhnovich\.m2\repository\org\slf4j\slf4j-log4j12\1.7.33\slf4j-log4j12-1.7.33.jar;C:\Users\yuliya.yukhnovich\.m2\repository\log4j\log4j\1.2.17\log4j-1.2.17.jar;C:\Users\yuliya.yukhnovich\.m2\repository\org\apache\maven\plugins\maven-compiler-plugin\3.9.0\maven-compiler-plugin-3.9.0.jar;C:\Users\yuliya.yukhnovich\.m2\repository\org\apache\maven\shared\maven-shared-utils\3.3.4\maven-shared-utils-3.3.4.jar;C:\Users\yuliya.yukhnovich\.m2\repository\commons-io\commons-io\2.6\commons-io-2.6.jar;C:\Users\yuliya.yukhnovich\.m2\repository\org\apache\maven\shared\maven-shared-incremental\1.1\maven-shared-incremental-1.1.jar;C:\Users\yuliya.yukhnovich\.m2\repository\org\codehaus\plexus\plexus-component-annotations\1.5.5\plexus-component-annotations-1.5.5.jar;C:\Users\yuliya.yukhnovich\.m2\repository\org\codehaus\plexus\plexus-java\1.1.0\plexus-java-1.1.0.jar;C:\Users\yuliya.yukhnovich\.m2\repository\org\ow2\asm\asm\9.2\asm-9.2.jar;C:\Users\yuliya.yukhnovich\.m2\repository\com\thoughtworks\qdox\qdox\2.0.0\qdox-2.0.0.jar;C:\Users\yuliya.yukhnovich\.m2\repository\org\codehaus\plexus\plexus-compiler-api\2.9.0\plexus-compiler-api-2.9.0.jar;C:\Users\yuliya.yukhnovich\.m2\repository\org\codehaus\plexus\plexus-utils\3.3.0\plexus-utils-3.3.0.jar;C:\Users\yuliya.yukhnovich\.m2\repository\org\codehaus\plexus\plexus-compiler-manager\2.9.0\plexus-compiler-manager-2.9.0.jar;C:\Users\yuliya.yukhnovich\.m2\repository\org\codehaus\plexus\plexus-compiler-javac\2.9.0\plexus-compiler-javac-2.9.0.jar;"/>
    <property name="java.vm.vendor" value="Oracle Corporation"/>
    <property name="sun.arch.data.model" value="64"/>
    <property name="user.variant" value=""/>
    <property name="java.vendor.url" value="https://java.oracle.com/"/>
    <property name="user.timezone" value="Europe/Minsk"/>
    <property name="os.name" value="Windows 10"/>
    <property name="java.vm.specification.version" value="17"/>
    <property name="sun.java.launcher" value="SUN_STANDARD"/>
    <property name="user.country" value="US"/>
    <property name="sun.boot.library.path" value="C:\Program Files\Java\jdk-17.0.2\bin"/>
    <property name="sun.java.command" value="C:\Users\yuliya.yukhnovich\AppData\Local\Temp\surefire13070783897001362014\surefirebooter16206849682301623822.jar C:\Users\yuliya.yukhnovich\AppData\Local\Temp\surefire13070783897001362014 2022-01-30T17-05-41_255-jvmRun1 surefire5222273136654384198tmp surefire_02227432439061056256tmp"/>
    <property name="jdk.debug" value="release"/>
    <property name="surefire.test.class.path" value="C:\Users\yuliya.yukhnovich\IdeaProjects\homework\target\test-classes;C:\Users\yuliya.yukhnovich\IdeaProjects\homework\target\classes;C:\Users\yuliya.yukhnovich\.m2\repository\org\testng\testng\7.5\testng-7.5.jar;C:\Users\yuliya.yukhnovich\.m2\repository\com\google\code\findbugs\jsr305\3.0.1\jsr305-3.0.1.jar;C:\Users\yuliya.yukhnovich\.m2\repository\com\beust\jcommander\1.78\jcommander-1.78.jar;C:\Users\yuliya.yukhnovich\.m2\repository\org\webjars\jquery\3.5.1\jquery-3.5.1.jar;C:\Users\yuliya.yukhnovich\.m2\repository\org\apache\maven\plugins\maven-surefire-plugin\3.0.0-M5\maven-surefire-plugin-3.0.0-M5.jar;C:\Users\yuliya.yukhnovich\.m2\repository\org\apache\maven\surefire\maven-surefire-common\3.0.0-M5\maven-surefire-common-3.0.0-M5.jar;C:\Users\yuliya.yukhnovich\.m2\repository\org\apache\maven\surefire\surefire-api\3.0.0-M5\surefire-api-3.0.0-M5.jar;C:\Users\yuliya.yukhnovich\.m2\repository\org\apache\maven\surefire\surefire-logger-api\3.0.0-M5\surefire-logger-api-3.0.0-M5.jar;C:\Users\yuliya.yukhnovich\.m2\repository\org\apache\maven\surefire\surefire-extensions-api\3.0.0-M5\surefire-extensions-api-3.0.0-M5.jar;C:\Users\yuliya.yukhnovich\.m2\repository\org\apache\maven\surefire\surefire-booter\3.0.0-M5\surefire-booter-3.0.0-M5.jar;C:\Users\yuliya.yukhnovich\.m2\repository\org\apache\maven\surefire\surefire-extensions-spi\3.0.0-M5\surefire-extensions-spi-3.0.0-M5.jar;C:\Users\yuliya.yukhnovich\.m2\repository\org\apache\maven\maven-toolchain\3.0-alpha-2\maven-toolchain-3.0-alpha-2.jar;C:\Users\yuliya.yukhnovich\.m2\repository\org\apache\maven\shared\maven-artifact-transfer\0.11.0\maven-artifact-transfer-0.11.0.jar;C:\Users\yuliya.yukhnovich\.m2\repository\org\apache\maven\shared\maven-common-artifact-filters\3.0.1\maven-common-artifact-filters-3.0.1.jar;C:\Users\yuliya.yukhnovich\.m2\repository\org\apache\maven\maven-model\3.0\maven-model-3.0.jar;C:\Users\yuliya.yukhnovich\.m2\repository\org\apache\maven\maven-plugin-api\3.0\maven-plugin-api-3.0.jar;C:\Users\yuliya.yukhnovich\.m2\repository\org\sonatype\sisu\sisu-inject-plexus\1.4.2\sisu-inject-plexus-1.4.2.jar;C:\Users\yuliya.yukhnovich\.m2\repository\org\codehaus\plexus\plexus-classworlds\2.2.3\plexus-classworlds-2.2.3.jar;C:\Users\yuliya.yukhnovich\.m2\repository\org\sonatype\sisu\sisu-inject-bean\1.4.2\sisu-inject-bean-1.4.2.jar;C:\Users\yuliya.yukhnovich\.m2\repository\org\sonatype\sisu\sisu-guice\2.1.7\sisu-guice-2.1.7-noaop.jar;C:\Users\yuliya.yukhnovich\.m2\repository\commons-codec\commons-codec\1.11\commons-codec-1.11.jar;C:\Users\yuliya.yukhnovich\.m2\repository\org\apache\maven\surefire\surefire-shared-utils\3.0.0-M4\surefire-shared-utils-3.0.0-M4.jar;C:\Users\yuliya.yukhnovich\.m2\repository\org\slf4j\slf4j-api\1.7.33\slf4j-api-1.7.33.jar;C:\Users\yuliya.yukhnovich\.m2\repository\org\slf4j\slf4j-log4j12\1.7.33\slf4j-log4j12-1.7.33.jar;C:\Users\yuliya.yukhnovich\.m2\repository\log4j\log4j\1.2.17\log4j-1.2.17.jar;C:\Users\yuliya.yukhnovich\.m2\repository\org\apache\maven\plugins\maven-compiler-plugin\3.9.0\maven-compiler-plugin-3.9.0.jar;C:\Users\yuliya.yukhnovich\.m2\repository\org\apache\maven\shared\maven-shared-utils\3.3.4\maven-shared-utils-3.3.4.jar;C:\Users\yuliya.yukhnovich\.m2\repository\commons-io\commons-io\2.6\commons-io-2.6.jar;C:\Users\yuliya.yukhnovich\.m2\repository\org\apache\maven\shared\maven-shared-incremental\1.1\maven-shared-incremental-1.1.jar;C:\Users\yuliya.yukhnovich\.m2\repository\org\codehaus\plexus\plexus-component-annotations\1.5.5\plexus-component-annotations-1.5.5.jar;C:\Users\yuliya.yukhnovich\.m2\repository\org\codehaus\plexus\plexus-java\1.1.0\plexus-java-1.1.0.jar;C:\Users\yuliya.yukhnovich\.m2\repository\org\ow2\asm\asm\9.2\asm-9.2.jar;C:\Users\yuliya.yukhnovich\.m2\repository\com\thoughtworks\qdox\qdox\2.0.0\qdox-2.0.0.jar;C:\Users\yuliya.yukhnovich\.m2\repository\org\codehaus\plexus\plexus-compiler-api\2.9.0\plexus-compiler-api-2.9.0.jar;C:\Users\yuliya.yukhnovich\.m2\repository\org\codehaus\plexus\plexus-utils\3.3.0\plexus-utils-3.3.0.jar;C:\Users\yuliya.yukhnovich\.m2\repository\org\codehaus\plexus\plexus-compiler-manager\2.9.0\plexus-compiler-manager-2.9.0.jar;C:\Users\yuliya.yukhnovich\.m2\repository\org\codehaus\plexus\plexus-compiler-javac\2.9.0\plexus-compiler-javac-2.9.0.jar;"/>
    <property name="sun.cpu.endian" value="little"/>
    <property name="user.home" value="C:\Users\yuliya.yukhnovich"/>
    <property name="user.language" value="en"/>
    <property name="java.specification.vendor" value="Oracle Corporation"/>
    <property name="java.version.date" value="2022-01-18"/>
    <property name="java.home" value="C:\Program Files\Java\jdk-17.0.2"/>
    <property name="file.separator" value="\"/>
    <property name="basedir" value="C:\Users\yuliya.yukhnovich\IdeaProjects\homework"/>
    <property name="java.vm.compressedOopsMode" value="Zero based"/>
    <property name="line.separator" value="&#10;"/>
    <property name="java.vm.specification.vendor" value="Oracle Corporation"/>
    <property name="java.specification.name" value="Java Platform API Specification"/>
    <property name="surefire.real.class.path" value="C:\Users\yuliya.yukhnovich\AppData\Local\Temp\surefire13070783897001362014\surefirebooter16206849682301623822.jar"/>
    <property name="user.script" value=""/>
    <property name="sun.management.compiler" value="HotSpot 64-Bit Tiered Compilers"/>
    <property name="java.runtime.version" value="17.0.2+8-LTS-86"/>
    <property name="user.name" value="Yuliya.Yukhnovich"/>
    <property name="path.separator" value=";"/>
    <property name="os.version" value="10.0"/>
    <property name="java.runtime.name" value="Java(TM) SE Runtime Environment"/>
    <property name="file.encoding" value="Cp1251"/>
    <property name="java.vm.name" value="Java HotSpot(TM) 64-Bit Server VM"/>
    <property name="localRepository" value="C:\Users\yuliya.yukhnovich\.m2\repository"/>
    <property name="java.vendor.url.bug" value="https://bugreport.java.com/bugreport/"/>
    <property name="java.io.tmpdir" value="C:\Users\YULIYA~1.YUK\AppData\Local\Temp\"/>
    <property name="java.version" value="17.0.2"/>
    <property name="user.dir" value="C:\Users\yuliya.yukhnovich\IdeaProjects\homework"/>
    <property name="os.arch" value="amd64"/>
    <property name="java.vm.specification.name" value="Java Virtual Machine Specification"/>
    <property name="sun.os.patch.level" value=""/>
    <property name="native.encoding" value="Cp1251"/>
    <property name="java.library.path" value="C:\Program Files\Java\jdk-17.0.2\bin;C:\windows\Sun\Java\bin;C:\windows\system32;C:\windows;C:\Program Files\Common Files\Oracle\Java\javapath;C:\Python310\Scripts\;C:\Python310\;C:\Program Files (x86)\VMware\VMware Player\bin\;C:\windows\system32;C:\windows;C:\windows\System32\Wbem;C:\windows\System32\WindowsPowerShell\v1.0\;C:\windows\System32\OpenSSH\;C:\Program Files\Git\cmd;C:\Program Files\TortoiseSVN\bin;C:\Program Files\nodejs\;C:\ProgramData\chocolatey\bin;C:\Program Files\Maven3.8.4\bin;C:\Users\yuliya.yukhnovich\AppData\Local\Microsoft\WindowsApps;;C:\Users\yuliya.yukhnovich\AppData\Local\Programs\Fiddler;C:\Program Files\JetBrains\IntelliJ IDEA Community Edition 2021.3\bin;;C:\Users\yuliya.yukhnovich\AppData\Roaming\npm;."/>
    <property name="java.vm.info" value="mixed mode, sharing"/>
    <property name="java.vendor" value="Oracle Corporation"/>
    <property name="java.vm.version" value="17.0.2+8-LTS-86"/>
    <property name="sun.io.unicode.encoding" value="UnicodeLittle"/>
    <property name="java.class.version" value="61.0"/>
  </properties>
  <testcase name="testColor[100, 5.0, RED](1)" classname="CheckingGetColorMethodTest" time="0.004">
    <failure type="java.lang.AssertionError"><![CDATA[java.lang.AssertionError
	at CheckingGetColorMethodTest.testColor(CheckingGetColorMethodTest.java:9)
]]></failure>
    <system-err><![CDATA[log4j:WARN No appenders could be found for logger (org.testng.TestNG).
log4j:WARN Please initialize the log4j system properly.
log4j:WARN See http://logging.apache.org/log4j/1.2/faq.html#noconfig for more info.
]]></system-err>
  </testcase>
  <testcase name="testColor[100, 5.0, BLUE](1)" classname="CheckingGetColorMethodTest" time="0"/>
  <testcase name="testColor[100, 5.0, ](1)" classname="CheckingGetColorMethodTest" time="0">
    <failure type="java.lang.AssertionError"><![CDATA[java.lang.AssertionError
	at CheckingGetColorMethodTest.testColor(CheckingGetColorMethodTest.java:9)
]]></failure>
  </testcase>
  <testcase name="testPenWorkInability[0](1)" classname="CheckingIsWorkMethodTest" time="0"/>
  <testcase name="testPenWorkInability[0](1)" classname="CheckingIsWorkMethodTest" time="0"/>
  <testcase name="testPenWorkInability[-1](2)" classname="CheckingIsWorkMethodTest" time="0"/>
  <testcase name="testPenWorkInability[-1](2)" classname="CheckingIsWorkMethodTest" time="0.001"/>
  <testcase name="testPenWorkability[1](1)" classname="CheckingIsWorkMethodTest" time="0"/>
  <testcase name="testPenWorkability[1](1)" classname="CheckingIsWorkMethodTest" time="0"/>
  <testcase name="testPenWorkability[999](2)" classname="CheckingIsWorkMethodTest" time="0"/>
  <testcase name="testPenWorkability[999](2)" classname="CheckingIsWorkMethodTest" time="0"/>
  <testcase name="testReturnsCorrectWord[Horse, 0, 25](1)" classname="CheckingWriteMethodTest" time="0"/>
  <testcase name="testReturnsCorrectWord[Flowers, -1, -5.5](2)" classname="CheckingWriteMethodTest" time="0"/>
  <testcase name="testReturnsCorrectWord[Driver, 1, 1.0](3)" classname="CheckingWriteMethodTest" time="0"/>
  <testcase name="testReturnsCorrectWord[Comp, 4, 1.0](4)" classname="CheckingWriteMethodTest" time="0"/>
  <testcase name="testReturnsCorrectWord[Television, 15, 0.1](5)" classname="CheckingWriteMethodTest" time="0"/>
  <testcase name="testReturnsCorrectWord[b, 1, 0.25](6)" classname="CheckingWriteMethodTest" time="0"/>
  <testcase name="testReturnsCorrectWord[A book with images, 7, 0.75](7)" classname="CheckingWriteMethodTest" time="0.001">
    <failure type="java.lang.AssertionError"><![CDATA[java.lang.AssertionError
	at CheckingWriteMethodTest.testReturnsCorrectWord(CheckingWriteMethodTest.java:29)
]]></failure>
  </testcase>
  <testcase name="testReturnsCorrectWord[Dog, 300, 110.1](8)" classname="CheckingWriteMethodTest" time="0">
    <failure message="begin 0, end 300, length 3" type="java.lang.StringIndexOutOfBoundsException"><![CDATA[java.lang.StringIndexOutOfBoundsException: begin 0, end 300, length 3
	at CheckingWriteMethodTest.testReturnsCorrectWord(CheckingWriteMethodTest.java:29)
]]></failure>
  </testcase>
  <testcase name="testExpectedArithmeticException[Comp, 4, 0](1)" classname="CheckingWorkMethodTestThrowsArithmExceptionTest" time="0">
    <failure message="&#10;Method CheckingWorkMethodTestThrowsArithmExceptionTest.testExpectedArithmeticException(java.lang.String,int,double)[pri:0, instance:CheckingWorkMethodTestThrowsArithmExceptionTest@291ae] should have thrown an exception of type class java.lang.ArithmeticException" type="org.testng.TestException"><![CDATA[org.testng.TestException: 

Method CheckingWorkMethodTestThrowsArithmExceptionTest.testExpectedArithmeticException(java.lang.String,int,double)[pri:0, instance:CheckingWorkMethodTestThrowsArithmExceptionTest@291ae] should have thrown an exception of type class java.lang.ArithmeticException
]]></failure>
  </testcase>
  <testcase name="testExpectedArithmeticException[, 0, 0](2)" classname="CheckingWorkMethodTestThrowsArithmExceptionTest" time="0.001">
    <failure message="&#10;Method CheckingWorkMethodTestThrowsArithmExceptionTest.testExpectedArithmeticException(java.lang.String,int,double)[pri:0, instance:CheckingWorkMethodTestThrowsArithmExceptionTest@291ae] should have thrown an exception of type class java.lang.ArithmeticException" type="org.testng.TestException"><![CDATA[org.testng.TestException: 

Method CheckingWorkMethodTestThrowsArithmExceptionTest.testExpectedArithmeticException(java.lang.String,int,double)[pri:0, instance:CheckingWorkMethodTestThrowsArithmExceptionTest@291ae] should have thrown an exception of type class java.lang.ArithmeticException
]]></failure>
  </testcase>
</testsuite>