<?xml version="1.0" encoding="UTF-8"?>
<!-- Generated by org.testng.reporters.JUnitReportReporter -->
<testsuite hostname="wsb-007-74" failures="0" tests="3" name="CheckingDoSomethingElseMethodTest" time="0.000" errors="0" timestamp="2022-01-29T18:56:26 MSK" skipped="0">
  <testcase classname="CheckingDoSomethingElseMethodTest" name="testNotNullResult" time="0.000"/>
  <system-out/>
  <testcase classname="CheckingDoSomethingElseMethodTest" name="testNotNullResult" time="0.000"/>
  <system-out/>
  <testcase classname="CheckingDoSomethingElseMethodTest" name="testNotNullResult" time="0.000"/>
  <system-out/>
</testsuite> <!-- CheckingDoSomethingElseMethodTest -->
