<?xml version="1.0" encoding="UTF-8"?>
<!-- Generated by org.testng.reporters.JUnitReportReporter -->
<testsuite hostname="wsb-007-74" failures="0" tests="8" name="CheckingWriteMethodEmptyInkTest" time="0.000" errors="0" timestamp="2022-01-29T18:56:26 MSK" skipped="0">
  <testcase classname="CheckingWriteMethodEmptyInkTest" name="testReturnsEmptyWord" time="0.000"/>
  <system-out/>
  <testcase classname="CheckingWriteMethodEmptyInkTest" name="testReturnsEmptyWord" time="0.000"/>
  <system-out/>
  <testcase classname="CheckingWriteMethodEmptyInkTest" name="testReturnsEmptyWord" time="0.000"/>
  <system-out/>
  <testcase classname="CheckingWriteMethodEmptyInkTest" name="testReturnsNotEmptyWord" time="0.000"/>
  <system-out/>
  <testcase classname="CheckingWriteMethodEmptyInkTest" name="testReturnsNotEmptyWord" time="0.000"/>
  <system-out/>
  <testcase classname="CheckingWriteMethodEmptyInkTest" name="testReturnsNotEmptyWord" time="0.000"/>
  <system-out/>
  <testcase classname="CheckingWriteMethodEmptyInkTest" name="testReturnsEmptyWord" time="0.000"/>
  <system-out/>
  <testcase classname="CheckingWriteMethodEmptyInkTest" name="testReturnsNotEmptyWord" time="0.000"/>
  <system-out/>
</testsuite> <!-- CheckingWriteMethodEmptyInkTest -->
