<?xml version="1.0" encoding="UTF-8"?>
<!-- Generated by org.testng.reporters.JUnitReportReporter -->
<testsuite hostname="wsb-007-74" failures="0" tests="3" name="CheckingWriteMethodCompleteWordTest" time="0.003" errors="0" timestamp="2022-01-29T18:56:26 MSK" skipped="0">
  <testcase classname="CheckingWriteMethodCompleteWordTest" name="testWriteCompleteWord" time="0.000"/>
  <system-out/>
  <testcase classname="CheckingWriteMethodCompleteWordTest" name="testWriteCompleteWord" time="0.003"/>
  <system-out/>
  <testcase classname="CheckingWriteMethodCompleteWordTest" name="testWriteCompleteWord" time="0.000"/>
  <system-out/>
</testsuite> <!-- CheckingWriteMethodCompleteWordTest -->
