<?xml version="1.0" encoding="UTF-8"?>
<!-- Generated by org.testng.reporters.JUnitReportReporter -->
<testsuite hostname="wsb-007-74" failures="0" tests="8" name="CheckingIsWorkMethodTest" time="0.000" errors="0" timestamp="2022-01-30T17:05:42 MSK" skipped="0">
  <testcase classname="CheckingIsWorkMethodTest" name="testPenWorkInability" time="0.000"/>
  <system-out/>
  <testcase classname="CheckingIsWorkMethodTest" name="testPenWorkInability" time="0.000"/>
  <system-out/>
  <testcase classname="CheckingIsWorkMethodTest" name="testPenWorkInability" time="0.000"/>
  <system-out/>
  <testcase classname="CheckingIsWorkMethodTest" name="testPenWorkability" time="0.000"/>
  <system-out/>
  <testcase classname="CheckingIsWorkMethodTest" name="testPenWorkInability" time="0.000"/>
  <system-out/>
  <testcase classname="CheckingIsWorkMethodTest" name="testPenWorkability" time="0.000"/>
  <system-out/>
  <testcase classname="CheckingIsWorkMethodTest" name="testPenWorkability" time="0.000"/>
  <system-out/>
  <testcase classname="CheckingIsWorkMethodTest" name="testPenWorkability" time="0.000"/>
  <system-out/>
</testsuite> <!-- CheckingIsWorkMethodTest -->
